# JRE version: OpenJDK Runtime Environment (8.0_152-b01) (build 1.8.0_152-release-1248-b01)
# Java VM: OpenJDK 64-Bit Server VM (25.152-b01 mixed mode windows-amd64 compressed oops)
Heap:
 PSYoungGen      total 391168K, used 121035K [0x00000000e0000000, 0x00000000ffb00000, 0x0000000100000000)
  eden space 384000K, 29% used [0x00000000e0000000,0x00000000e6f94cd0,0x00000000f7700000)
  from space 7168K, 94% used [0x00000000f7700000,0x00000000f7d9dfc8,0x00000000f7e00000)
  to   space 67584K, 0% used [0x00000000fb900000,0x00000000fb900000,0x00000000ffb00000)
 ParOldGen       total 327168K, used 210349K [0x00000000a0000000, 0x00000000b3f80000, 0x00000000e0000000)
  object space 327168K, 64% used [0x00000000a0000000,0x00000000acd6b600,0x00000000b3f80000)
 Metaspace       used 135172K, capacity 143456K, committed 143640K, reserved 1175552K
  class space    used 16578K, capacity 18112K, committed 18216K, reserved 1048576K
GC Heap History (10 events):
Event: 8623.468 GC heap before
{Heap before GC invocations=57 (full 4):
 PSYoungGen      total 460288K, used 416910K [0x00000000e0000000, 0x00000000ff980000, 0x0000000100000000)
  eden space 410112K, 100% used [0x00000000e0000000,0x00000000f9080000,0x00000000f9080000)
  from space 50176K, 13% used [0x00000000fc880000,0x00000000fcf23bc0,0x00000000ff980000)
  to   space 53760K, 0% used [0x00000000f9080000,0x00000000f9080000,0x00000000fc500000)
 ParOldGen       total 327168K, used 206466K [0x00000000a0000000, 0x00000000b3f80000, 0x00000000e0000000)
  object space 327168K, 63% used [0x00000000a0000000,0x00000000ac9a0b40,0x00000000b3f80000)
 Metaspace       used 133174K, capacity 141054K, committed 141336K, reserved 1173504K
  class space    used 16383K, capacity 17841K, committed 17960K, reserved 1048576K
Event: 8623.485 GC heap after
Heap after GC invocations=57 (full 4):
 PSYoungGen      total 463872K, used 43506K [0x00000000e0000000, 0x0000000100000000, 0x0000000100000000)
  eden space 410112K, 0% used [0x00000000e0000000,0x00000000e0000000,0x00000000f9080000)
  from space 53760K, 80% used [0x00000000f9080000,0x00000000fbafcb00,0x00000000fc500000)
  to   space 59904K, 0% used [0x00000000fc580000,0x00000000fc580000,0x0000000100000000)
 ParOldGen       total 327168K, used 207377K [0x00000000a0000000, 0x00000000b3f80000, 0x00000000e0000000)
  object space 327168K, 63% used [0x00000000a0000000,0x00000000aca84508,0x00000000b3f80000)
 Metaspace       used 133174K, capacity 141054K, committed 141336K, reserved 1173504K
  class space    used 16383K, capacity 17841K, committed 17960K, reserved 1048576K
}
Event: 8625.221 GC heap before
{Heap before GC invocations=58 (full 4):
 PSYoungGen      total 463872K, used 453618K [0x00000000e0000000, 0x0000000100000000, 0x0000000100000000)
  eden space 410112K, 100% used [0x00000000e0000000,0x00000000f9080000,0x00000000f9080000)
  from space 53760K, 80% used [0x00000000f9080000,0x00000000fbafcb00,0x00000000fc500000)
  to   space 59904K, 0% used [0x00000000fc580000,0x00000000fc580000,0x0000000100000000)
 ParOldGen       total 327168K, used 207377K [0x00000000a0000000, 0x00000000b3f80000, 0x00000000e0000000)
  object space 327168K, 63% used [0x00000000a0000000,0x00000000aca84508,0x00000000b3f80000)
 Metaspace       used 133536K, capacity 141556K, committed 141848K, reserved 1173504K
  class space    used 16419K, capacity 17904K, committed 17960K, reserved 1048576K
Event: 8625.244 GC heap after
Heap after GC invocations=58 (full 4):
 PSYoungGen      total 444928K, used 56533K [0x00000000e0000000, 0x0000000100000000, 0x0000000100000000)
  eden space 385024K, 0% used [0x00000000e0000000,0x00000000e0000000,0x00000000f7800000)
  from space 59904K, 94% used [0x00000000fc580000,0x00000000ffcb57f8,0x0000000100000000)
  to   space 69632K, 0% used [0x00000000f7800000,0x00000000f7800000,0x00000000fbc00000)
 ParOldGen       total 327168K, used 208496K [0x00000000a0000000, 0x00000000b3f80000, 0x00000000e0000000)
  object space 327168K, 63% used [0x00000000a0000000,0x00000000acb9c3f0,0x00000000b3f80000)
 Metaspace       used 133536K, capacity 141556K, committed 141848K, reserved 1173504K
  class space    used 16419K, capacity 17904K, committed 17960K, reserved 1048576K
}
Event: 8627.034 GC heap before
{Heap before GC invocations=59 (full 4):
 PSYoungGen      total 444928K, used 438340K [0x00000000e0000000, 0x0000000100000000, 0x0000000100000000)
  eden space 385024K, 99% used [0x00000000e0000000,0x00000000f74db830,0x00000000f7800000)
  from space 59904K, 94% used [0x00000000fc580000,0x00000000ffcb57f8,0x0000000100000000)
  to   space 69632K, 0% used [0x00000000f7800000,0x00000000f7800000,0x00000000fbc00000)
 ParOldGen       total 327168K, used 208496K [0x00000000a0000000, 0x00000000b3f80000, 0x00000000e0000000)
  object space 327168K, 63% used [0x00000000a0000000,0x00000000acb9c3f0,0x00000000b3f80000)
 Metaspace       used 134118K, capacity 142164K, committed 142488K, reserved 1173504K
  class space    used 16487K, capacity 17978K, committed 18088K, reserved 1048576K
Event: 8627.040 GC heap after
Heap after GC invocations=59 (full 4):
 PSYoungGen      total 423424K, used 38087K [0x00000000e0000000, 0x0000000100000000, 0x0000000100000000)
  eden space 385024K, 0% used [0x00000000e0000000,0x00000000e0000000,0x00000000f7800000)
  from space 38400K, 99% used [0x00000000f7800000,0x00000000f9d31cb0,0x00000000f9d80000)
  to   space 70656K, 0% used [0x00000000fbb00000,0x00000000fbb00000,0x0000000100000000)
 ParOldGen       total 327168K, used 209653K [0x00000000a0000000, 0x00000000b3f80000, 0x00000000e0000000)
  object space 327168K, 64% used [0x00000000a0000000,0x00000000accbd560,0x00000000b3f80000)
 Metaspace       used 134118K, capacity 142164K, committed 142488K, reserved 1173504K
  class space    used 16487K, capacity 17978K, committed 18088K, reserved 1048576K
}
Event: 8629.734 GC heap before
{Heap before GC invocations=60 (full 4):
 PSYoungGen      total 423424K, used 422452K [0x00000000e0000000, 0x0000000100000000, 0x0000000100000000)
  eden space 385024K, 99% used [0x00000000e0000000,0x00000000f775b4e0,0x00000000f7800000)
  from space 38400K, 99% used [0x00000000f7800000,0x00000000f9d31cb0,0x00000000f9d80000)
  to   space 70656K, 0% used [0x00000000fbb00000,0x00000000fbb00000,0x0000000100000000)
 ParOldGen       total 327168K, used 209653K [0x00000000a0000000, 0x00000000b3f80000, 0x00000000e0000000)
  object space 327168K, 64% used [0x00000000a0000000,0x00000000accbd560,0x00000000b3f80000)
 Metaspace       used 134285K, capacity 142354K, committed 142488K, reserved 1173504K
  class space    used 16503K, capacity 17987K, committed 18088K, reserved 1048576K
Event: 8629.738 GC heap after
Heap after GC invocations=60 (full 4):
 PSYoungGen      total 454656K, used 2698K [0x00000000e0000000, 0x0000000100000000, 0x0000000100000000)
  eden space 384000K, 0% used [0x00000000e0000000,0x00000000e0000000,0x00000000f7700000)
  from space 70656K, 3% used [0x00000000fbb00000,0x00000000fbda2a10,0x0000000100000000)
  to   space 69632K, 0% used [0x00000000f7700000,0x00000000f7700000,0x00000000fbb00000)
 ParOldGen       total 327168K, used 210165K [0x00000000a0000000, 0x00000000b3f80000, 0x00000000e0000000)
  object space 327168K, 64% used [0x00000000a0000000,0x00000000acd3d5f0,0x00000000b3f80000)
 Metaspace       used 134285K, capacity 142354K, committed 142488K, reserved 1173504K
  class space    used 16503K, capacity 17987K, committed 18088K, reserved 1048576K
}
Event: 8657.120 GC heap before
{Heap before GC invocations=61 (full 4):
 PSYoungGen      total 454656K, used 386698K [0x00000000e0000000, 0x0000000100000000, 0x0000000100000000)
  eden space 384000K, 100% used [0x00000000e0000000,0x00000000f7700000,0x00000000f7700000)
  from space 70656K, 3% used [0x00000000fbb00000,0x00000000fbda2a10,0x0000000100000000)
  to   space 69632K, 0% used [0x00000000f7700000,0x00000000f7700000,0x00000000fbb00000)
 ParOldGen       total 327168K, used 210165K [0x00000000a0000000, 0x00000000b3f80000, 0x00000000e0000000)
  object space 327168K, 64% used [0x00000000a0000000,0x00000000acd3d5f0,0x00000000b3f80000)
 Metaspace       used 134955K, capacity 143108K, committed 143256K, reserved 1175552K
  class space    used 16558K, capacity 18076K, committed 18088K, reserved 1048576K
Event: 8657.126 GC heap after
Heap after GC invocations=61 (full 4):
 PSYoungGen      total 391168K, used 6775K [0x00000000e0000000, 0x00000000ffb00000, 0x0000000100000000)
  eden space 384000K, 0% used [0x00000000e0000000,0x00000000e0000000,0x00000000f7700000)
  from space 7168K, 94% used [0x00000000f7700000,0x00000000f7d9dfc8,0x00000000f7e00000)
  to   space 67584K, 0% used [0x00000000fb900000,0x00000000fb900000,0x00000000ffb00000)
 ParOldGen       total 327168K, used 210349K [0x00000000a0000000, 0x00000000b3f80000, 0x00000000e0000000)
  object space 327168K, 64% used [0x00000000a0000000,0x00000000acd6b600,0x00000000b3f80000)
 Metaspace       used 134955K, capacity 143108K, committed 143256K, reserved 1175552K
  class space    used 16558K, capacity 18076K, committed 18088K, reserved 1048576K
}

